<?xml version="1.0" encoding="UTF-8"?>
<testsuite xmlns:xsi="http://www.w3.org/2001/XMLSchema-instance" xsi:noNamespaceSchemaLocation="https://maven.apache.org/surefire/maven-surefire-plugin/xsd/surefire-test-report.xsd" name="ch.heigvd.cld.lab.HelloAppEngineTest" time="0.341" tests="2" errors="0" skipped="0" failures="0">
  <properties>
[...]
</properties>
  <testcase name="doGet_writesResponse" classname="ch.heigvd.cld.lab.HelloAppEngineTest" time="0.21"/>
  <testcase name="HelloInfo_test" classname="ch.heigvd.cld.lab.HelloAppEngineTest" time="0.002"/>
</testsuite>